Using pre-set license
Built from '2020.3/china_unity/release' branch; Version is '2020.3.21f1c1 (ae728190a658) revision 11432577'; Using compiler version '192528614'; Build Type 'Release'
OS: 'Windows 10 Pro; OS build 22000.675; Version 2009; 64bit' Language: 'zh' Physical Memory: 16324 MB
BatchMode: 1, IsHumanControllingUs: 0, StartBugReporterOnCrash: 0, Is64bit: 1, IsPro: 0

COMMAND LINE ARGUMENTS:
C:\Program Files\Unity\Hub\Editor\2020.3.21f1c1\Editor\Unity.exe
-adb2
-batchMode
-noUpm
-name
AssetImportWorker0
-projectPath
D:/Houdini/WorkSpace/PDG/My_Intro_To_PDG
-logFile
Logs/AssetImportWorker0.log
-srvPort
63529
Successfully changed project path to: D:/Houdini/WorkSpace/PDG/My_Intro_To_PDG
D:/Houdini/WorkSpace/PDG/My_Intro_To_PDG
Using Asset Import Pipeline V2.
AS: AutoStreaming module initializing.Refreshing native plugins compatible for Editor in 29.69 ms, found 2 plugins.
Preloading 0 native plugins for Editor in 0.00 ms.
Initialize engine version: 2020.3.21f1c1 (ae728190a658)
[Subsystems] Discovering subsystems at path C:/Program Files/Unity/Hub/Editor/2020.3.21f1c1/Editor/Data/Resources/UnitySubsystems
[Subsystems] Discovering subsystems at path D:/Houdini/WorkSpace/PDG/My_Intro_To_PDG/Assets
GfxDevice: creating device client; threaded=0
Direct3D:
    Version:  Direct3D 11.0 [level 11.1]
    Renderer: NVIDIA GeForce GTX 1070 Ti (ID=0x1b82)
    Vendor:   
    VRAM:     8079 MB
    Driver:   27.21.14.5751
Initialize mono
Mono path[0] = 'C:/Program Files/Unity/Hub/Editor/2020.3.21f1c1/Editor/Data/Managed'
Mono path[1] = 'C:/Program Files/Unity/Hub/Editor/2020.3.21f1c1/Editor/Data/MonoBleedingEdge/lib/mono/unityjit'
Mono config path = 'C:/Program Files/Unity/Hub/Editor/2020.3.21f1c1/Editor/Data/MonoBleedingEdge/etc'
Using monoOptions --debugger-agent=transport=dt_socket,embedding=1,server=y,suspend=n,address=127.0.0.1:56056
Begin MonoManager ReloadAssembly
Registering precompiled unity dll's ...
Register platform support module: C:/Program Files/Unity/Hub/Editor/2020.3.21f1c1/Editor/Data/PlaybackEngines/WindowsStandaloneSupport/UnityEditor.WindowsStandalone.Extensions.dll
Registered in 0.001278 seconds.
Native extension for WindowsStandalone target not found
Refreshing native plugins compatible for Editor in 28.49 ms, found 2 plugins.
Preloading 0 native plugins for Editor in 0.00 ms.
Mono: successfully reloaded assembly
- Completed reload, in  1.094 seconds
Domain Reload Profiling:
	ReloadAssembly (1094ms)
		BeginReloadAssembly (46ms)
			ExecutionOrderSort (0ms)
			DisableScriptedObjects (0ms)
			BackupInstance (0ms)
			ReleaseScriptingObjects (0ms)
			CreateAndSetChildDomain (1ms)
		EndReloadAssembly (401ms)
			LoadAssemblies (44ms)
			RebuildTransferFunctionScriptingTraits (0ms)
			SetupTypeCache (136ms)
			ReleaseScriptCaches (0ms)
			RebuildScriptCaches (32ms)
			SetupLoadedEditorAssemblies (145ms)
				LogAssemblyErrors (0ms)
				InitializePlatformSupportModulesInManaged (4ms)
				SetLoadedEditorAssemblies (0ms)
				RefreshPlugins (29ms)
				BeforeProcessingInitializeOnLoad (13ms)
				ProcessInitializeOnLoadAttributes (74ms)
				ProcessInitializeOnLoadMethodAttributes (25ms)
				AfterProcessingInitializeOnLoad (0ms)
				EditorAssembliesLoaded (0ms)
			ExecutionOrderSort2 (0ms)
			AwakeInstancesAfterBackupRestoration (0ms)
Platform modules already initialized, skipping
Registering precompiled user dll's ...
Registered in 0.003075 seconds.
Begin MonoManager ReloadAssembly
Native extension for WindowsStandalone target not found
Refreshing native plugins compatible for Editor in 0.47 ms, found 2 plugins.
Preloading 0 native plugins for Editor in 0.00 ms.
Mono: successfully reloaded assembly
- Completed reload, in  0.955 seconds
Domain Reload Profiling:
	ReloadAssembly (956ms)
		BeginReloadAssembly (128ms)
			ExecutionOrderSort (0ms)
			DisableScriptedObjects (4ms)
			BackupInstance (0ms)
			ReleaseScriptingObjects (0ms)
			CreateAndSetChildDomain (17ms)
		EndReloadAssembly (772ms)
			LoadAssemblies (77ms)
			RebuildTransferFunctionScriptingTraits (0ms)
			SetupTypeCache (253ms)
			ReleaseScriptCaches (0ms)
			RebuildScriptCaches (46ms)
			SetupLoadedEditorAssemblies (313ms)
				LogAssemblyErrors (0ms)
				InitializePlatformSupportModulesInManaged (5ms)
				SetLoadedEditorAssemblies (0ms)
				RefreshPlugins (1ms)
				BeforeProcessingInitializeOnLoad (75ms)
				ProcessInitializeOnLoadAttributes (217ms)
				ProcessInitializeOnLoadMethodAttributes (10ms)
				AfterProcessingInitializeOnLoad (5ms)
				EditorAssembliesLoaded (0ms)
			ExecutionOrderSort2 (0ms)
			AwakeInstancesAfterBackupRestoration (6ms)
Platform modules already initialized, skipping
========================================================================
Worker process is ready to serve import requests
Launched and connected shader compiler UnityShaderCompiler.exe after 0.05 seconds
Refreshing native plugins compatible for Editor in 0.32 ms, found 2 plugins.
Preloading 0 native plugins for Editor in 0.00 ms.
Unloading 1611 Unused Serialized files (Serialized files now loaded: 0)
System memory in use before: 76.7 MB.
System memory in use after: 76.8 MB.

Unloading 19 unused Assets to reduce memory usage. Loaded Objects now: 2047.
Total: 4.022900 ms (FindLiveObjects: 0.238400 ms CreateObjectMapping: 0.108700 ms MarkObjects: 3.597800 ms  DeleteObjects: 0.077200 ms)

AssetImportParameters requested are different than current active one (requested -> active):
  custom:framework-win-MediaFoundation: 216162199b28c13a410421893ffa2e32 -> 
  custom:video-decoder-ogg-theora: a1e56fd34408186e4bbccfd4996cb3dc -> 
  custom:container-muxer-webm: aa71ff27fc2769a1b78a27578f13a17b -> 
  custom:container-demuxer-webm: 4f35f7cbe854078d1ac9338744f61a02 -> 
  custom:container-demuxer-ogg: 62fdf1f143b41e24485cea50d1cbac27 -> 
  custom:video-encoder-webm-vp8: eb34c28f22e8b96e1ab97ce403110664 -> 
  custom:video-decoder-webm-vp8: 9c59270c3fd7afecdb556c50c9e8de78 -> 
  custom:audio-decoder-ogg-vorbis: bf7c407c2cedff20999df2af8eb42d56 -> 
  custom:audio-encoder-webm-vorbis: bf7c407c2cedff20999df2af8eb42d56 -> 
========================================================================
Received Import Request.
  path: Assets/Intro_To_PDG/Scenes/Intro_To_PDG_Main.unity
  artifactKey: Guid(6316c47c88a8dfe42bee1751b1d874d5) Importer(815301076,1909f56bfc062723c751e8b465ee728b)
Start importing Assets/Intro_To_PDG/Scenes/Intro_To_PDG_Main.unity using Guid(6316c47c88a8dfe42bee1751b1d874d5) Importer(815301076,1909f56bfc062723c751e8b465ee728b)  -> (artifact id: 'f8656ba122344110ef09950fdc197f29') in 0.013286 seconds 
  Import took 0.015587 seconds .

========================================================================
Received Import Request.
  Time since last request: 41.973531 seconds.
  path: Assets/Intro_To_PDG/HDA/make_buildings2.hda
  artifactKey: Guid(c1f9eb9ff4538f54caecd7bce3b8ac42) Importer(815301076,1909f56bfc062723c751e8b465ee728b)
Start importing Assets/Intro_To_PDG/HDA/make_buildings2.hda using Guid(c1f9eb9ff4538f54caecd7bce3b8ac42) Importer(815301076,1909f56bfc062723c751e8b465ee728b)  -> (artifact id: '81f2f50516a23dc889b7f9e1c9646130') in 0.031888 seconds 
  Import took 0.034465 seconds .

========================================================================
Received Import Request.
  Time since last request: 3575.833038 seconds.
  path: Assets/Intro_To_PDG/HDA/ip_level_creation_top.hda
  artifactKey: Guid(9e2a97c15c944c24c89b9f106729418b) Importer(815301076,1909f56bfc062723c751e8b465ee728b)
Start importing Assets/Intro_To_PDG/HDA/ip_level_creation_top.hda using Guid(9e2a97c15c944c24c89b9f106729418b) Importer(815301076,1909f56bfc062723c751e8b465ee728b)  -> (artifact id: '1a2e970517629ef38830b4202cb63514') in 0.003723 seconds 
  Import took 0.006669 seconds .

========================================================================
Received Import Request.
  Time since last request: 872.117457 seconds.
  path: Assets/Intro_To_PDG/HDA/ip_level_creation_top 1.hda
  artifactKey: Guid(74feb69fbd09d5b4ab9ef985cb59e936) Importer(815301076,1909f56bfc062723c751e8b465ee728b)
Start importing Assets/Intro_To_PDG/HDA/ip_level_creation_top 1.hda using Guid(74feb69fbd09d5b4ab9ef985cb59e936) Importer(815301076,1909f56bfc062723c751e8b465ee728b)  -> (artifact id: 'e90285ce79574267714d4fde0c7736d5') in 0.003677 seconds 
  Import took 0.008181 seconds .

========================================================================
Received Import Request.
  Time since last request: 9.470247 seconds.
  path: Assets/Intro_To_PDG/HDA/ip_level_creation_top.hda
  artifactKey: Guid(9e2a97c15c944c24c89b9f106729418b) Importer(815301076,1909f56bfc062723c751e8b465ee728b)
Start importing Assets/Intro_To_PDG/HDA/ip_level_creation_top.hda using Guid(9e2a97c15c944c24c89b9f106729418b) Importer(815301076,1909f56bfc062723c751e8b465ee728b)  -> (artifact id: '11f07ab6e461af64b4fa9718c49b2890') in 0.002740 seconds 
  Import took 0.005095 seconds .

