Using pre-set license
Built from '2020.3/china_unity/release' branch; Version is '2020.3.21f1c1 (ae728190a658) revision 11432577'; Using compiler version '192528614'; Build Type 'Release'
OS: 'Windows 10 Pro; OS build 22000.675; Version 2009; 64bit' Language: 'zh' Physical Memory: 16324 MB
BatchMode: 1, IsHumanControllingUs: 0, StartBugReporterOnCrash: 0, Is64bit: 1, IsPro: 0

COMMAND LINE ARGUMENTS:
C:\Program Files\Unity\Hub\Editor\2020.3.21f1c1\Editor\Unity.exe
-adb2
-batchMode
-noUpm
-name
AssetImportWorker0
-projectPath
D:/Houdini/WorkSpace/PDG/My_Intro_To_PDG
-logFile
Logs/AssetImportWorker0.log
-srvPort
50084
Successfully changed project path to: D:/Houdini/WorkSpace/PDG/My_Intro_To_PDG
D:/Houdini/WorkSpace/PDG/My_Intro_To_PDG
Using Asset Import Pipeline V2.
AS: AutoStreaming module initializing.Refreshing native plugins compatible for Editor in 32.51 ms, found 2 plugins.
Preloading 0 native plugins for Editor in 0.00 ms.
Initialize engine version: 2020.3.21f1c1 (ae728190a658)
[Subsystems] Discovering subsystems at path C:/Program Files/Unity/Hub/Editor/2020.3.21f1c1/Editor/Data/Resources/UnitySubsystems
[Subsystems] Discovering subsystems at path D:/Houdini/WorkSpace/PDG/My_Intro_To_PDG/Assets
GfxDevice: creating device client; threaded=0
Direct3D:
    Version:  Direct3D 11.0 [level 11.1]
    Renderer: NVIDIA GeForce GTX 1070 Ti (ID=0x1b82)
    Vendor:   
    VRAM:     8079 MB
    Driver:   27.21.14.5751
Initialize mono
Mono path[0] = 'C:/Program Files/Unity/Hub/Editor/2020.3.21f1c1/Editor/Data/Managed'
Mono path[1] = 'C:/Program Files/Unity/Hub/Editor/2020.3.21f1c1/Editor/Data/MonoBleedingEdge/lib/mono/unityjit'
Mono config path = 'C:/Program Files/Unity/Hub/Editor/2020.3.21f1c1/Editor/Data/MonoBleedingEdge/etc'
Using monoOptions --debugger-agent=transport=dt_socket,embedding=1,server=y,suspend=n,address=127.0.0.1:56628
Begin MonoManager ReloadAssembly
Registering precompiled unity dll's ...
Register platform support module: C:/Program Files/Unity/Hub/Editor/2020.3.21f1c1/Editor/Data/PlaybackEngines/WindowsStandaloneSupport/UnityEditor.WindowsStandalone.Extensions.dll
Registered in 0.001295 seconds.
Native extension for WindowsStandalone target not found
Refreshing native plugins compatible for Editor in 28.58 ms, found 2 plugins.
Preloading 0 native plugins for Editor in 0.00 ms.
Mono: successfully reloaded assembly
- Completed reload, in  1.074 seconds
Domain Reload Profiling:
	ReloadAssembly (1075ms)
		BeginReloadAssembly (47ms)
			ExecutionOrderSort (0ms)
			DisableScriptedObjects (0ms)
			BackupInstance (0ms)
			ReleaseScriptingObjects (0ms)
			CreateAndSetChildDomain (1ms)
		EndReloadAssembly (385ms)
			LoadAssemblies (45ms)
			RebuildTransferFunctionScriptingTraits (0ms)
			SetupTypeCache (127ms)
			ReleaseScriptCaches (0ms)
			RebuildScriptCaches (31ms)
			SetupLoadedEditorAssemblies (143ms)
				LogAssemblyErrors (0ms)
				InitializePlatformSupportModulesInManaged (4ms)
				SetLoadedEditorAssemblies (0ms)
				RefreshPlugins (29ms)
				BeforeProcessingInitializeOnLoad (12ms)
				ProcessInitializeOnLoadAttributes (74ms)
				ProcessInitializeOnLoadMethodAttributes (24ms)
				AfterProcessingInitializeOnLoad (0ms)
				EditorAssembliesLoaded (0ms)
			ExecutionOrderSort2 (0ms)
			AwakeInstancesAfterBackupRestoration (0ms)
Platform modules already initialized, skipping
Registering precompiled user dll's ...
Registered in 0.003164 seconds.
Begin MonoManager ReloadAssembly
Native extension for WindowsStandalone target not found
Refreshing native plugins compatible for Editor in 0.33 ms, found 2 plugins.
Preloading 0 native plugins for Editor in 0.00 ms.
Mono: successfully reloaded assembly
- Completed reload, in  0.948 seconds
Domain Reload Profiling:
	ReloadAssembly (949ms)
		BeginReloadAssembly (132ms)
			ExecutionOrderSort (0ms)
			DisableScriptedObjects (4ms)
			BackupInstance (0ms)
			ReleaseScriptingObjects (0ms)
			CreateAndSetChildDomain (18ms)
		EndReloadAssembly (762ms)
			LoadAssemblies (79ms)
			RebuildTransferFunctionScriptingTraits (0ms)
			SetupTypeCache (241ms)
			ReleaseScriptCaches (0ms)
			RebuildScriptCaches (44ms)
			SetupLoadedEditorAssemblies (312ms)
				LogAssemblyErrors (0ms)
				InitializePlatformSupportModulesInManaged (5ms)
				SetLoadedEditorAssemblies (0ms)
				RefreshPlugins (0ms)
				BeforeProcessingInitializeOnLoad (75ms)
				ProcessInitializeOnLoadAttributes (216ms)
				ProcessInitializeOnLoadMethodAttributes (10ms)
				AfterProcessingInitializeOnLoad (5ms)
				EditorAssembliesLoaded (0ms)
			ExecutionOrderSort2 (0ms)
			AwakeInstancesAfterBackupRestoration (7ms)
Platform modules already initialized, skipping
========================================================================
Worker process is ready to serve import requests
Launched and connected shader compiler UnityShaderCompiler.exe after 0.04 seconds
Refreshing native plugins compatible for Editor in 0.32 ms, found 2 plugins.
Preloading 0 native plugins for Editor in 0.00 ms.
Unloading 1611 Unused Serialized files (Serialized files now loaded: 0)
System memory in use before: 76.7 MB.
System memory in use after: 76.7 MB.

Unloading 19 unused Assets to reduce memory usage. Loaded Objects now: 2047.
Total: 3.025600 ms (FindLiveObjects: 0.171800 ms CreateObjectMapping: 0.042200 ms MarkObjects: 2.732500 ms  DeleteObjects: 0.078300 ms)

AssetImportParameters requested are different than current active one (requested -> active):
  custom:framework-win-MediaFoundation: 216162199b28c13a410421893ffa2e32 -> 
  custom:video-decoder-ogg-theora: a1e56fd34408186e4bbccfd4996cb3dc -> 
  custom:container-muxer-webm: aa71ff27fc2769a1b78a27578f13a17b -> 
  custom:container-demuxer-webm: 4f35f7cbe854078d1ac9338744f61a02 -> 
  custom:container-demuxer-ogg: 62fdf1f143b41e24485cea50d1cbac27 -> 
  custom:video-encoder-webm-vp8: eb34c28f22e8b96e1ab97ce403110664 -> 
  custom:video-decoder-webm-vp8: 9c59270c3fd7afecdb556c50c9e8de78 -> 
  custom:audio-decoder-ogg-vorbis: bf7c407c2cedff20999df2af8eb42d56 -> 
  custom:audio-encoder-webm-vorbis: bf7c407c2cedff20999df2af8eb42d56 -> 
========================================================================
Received Import Request.
  path: Assets/unity_houdini.env
  artifactKey: Guid(69ed31fbb6f3bca42a42b5c7a13829c0) Importer(815301076,1909f56bfc062723c751e8b465ee728b)
Start importing Assets/unity_houdini.env using Guid(69ed31fbb6f3bca42a42b5c7a13829c0) Importer(815301076,1909f56bfc062723c751e8b465ee728b)  -> (artifact id: '0604da27d18f5b8e7393932a252a3949') in 0.036831 seconds 
  Import took 0.039352 seconds .

========================================================================
Received Import Request.
  Time since last request: 261.566745 seconds.
  path: Assets/Intro_To_PDG/HDA/ip_test_tops.hda
  artifactKey: Guid(2b0e30518e1041c43a1d528560583e22) Importer(815301076,1909f56bfc062723c751e8b465ee728b)
Start importing Assets/Intro_To_PDG/HDA/ip_test_tops.hda using Guid(2b0e30518e1041c43a1d528560583e22) Importer(815301076,1909f56bfc062723c751e8b465ee728b)  -> (artifact id: '2ffffa9d3b67141d321ad25357249ae0') in 0.007170 seconds 
  Import took 0.010011 seconds .

========================================================================
Received Import Request.
  Time since last request: 260.342029 seconds.
  path: Assets/Intro_To_PDG/Scenes/Intro_To_PDG_Frontend.unity
  artifactKey: Guid(39e4076d64e18b148b01c26abde0bec6) Importer(815301076,1909f56bfc062723c751e8b465ee728b)
Start importing Assets/Intro_To_PDG/Scenes/Intro_To_PDG_Frontend.unity using Guid(39e4076d64e18b148b01c26abde0bec6) Importer(815301076,1909f56bfc062723c751e8b465ee728b)  -> (artifact id: '335edd3e0a959fb150f1abfdba56bc40') in 0.003941 seconds 
  Import took 0.006878 seconds .

========================================================================
Received Import Request.
  Time since last request: 2.907465 seconds.
  path: Assets/Intro_To_PDG/Scenes/Intro_To_PDG_Main.unity
  artifactKey: Guid(6316c47c88a8dfe42bee1751b1d874d5) Importer(815301076,1909f56bfc062723c751e8b465ee728b)
Start importing Assets/Intro_To_PDG/Scenes/Intro_To_PDG_Main.unity using Guid(6316c47c88a8dfe42bee1751b1d874d5) Importer(815301076,1909f56bfc062723c751e8b465ee728b)  -> (artifact id: 'be2135faa02f1cd8bd655259eed33299') in 0.004116 seconds 
  Import took 0.006767 seconds .

========================================================================
Received Import Request.
  Time since last request: 2.801087 seconds.
  path: Assets/Intro_To_PDG/Scenes/Intro_To_PDG_Startup.unity
  artifactKey: Guid(df7104f0f53bf83419b95f4d8236f57e) Importer(815301076,1909f56bfc062723c751e8b465ee728b)
Start importing Assets/Intro_To_PDG/Scenes/Intro_To_PDG_Startup.unity using Guid(df7104f0f53bf83419b95f4d8236f57e) Importer(815301076,1909f56bfc062723c751e8b465ee728b)  -> (artifact id: '13894be8af417be3f0efd5dcbeaa31ca') in 0.003590 seconds 
  Import took 0.006051 seconds .

========================================================================
Received Import Request.
  Time since last request: 56.800381 seconds.
  path: Assets/Intro_To_PDG/Scenes
  artifactKey: Guid(3eeefa7e34130cf43b60254fd04c5fae) Importer(815301076,1909f56bfc062723c751e8b465ee728b)
Start importing Assets/Intro_To_PDG/Scenes using Guid(3eeefa7e34130cf43b60254fd04c5fae) Importer(815301076,1909f56bfc062723c751e8b465ee728b)  -> (artifact id: 'f7d1fbd051a925ca595f943085144b66') in 0.003703 seconds 
  Import took 0.006232 seconds .

========================================================================
Received Import Request.
  Time since last request: 1.989690 seconds.
  path: Assets/Intro_To_PDG/Scenes/Intro_To_PDG_Main.unity
  artifactKey: Guid(6316c47c88a8dfe42bee1751b1d874d5) Importer(815301076,1909f56bfc062723c751e8b465ee728b)
Start importing Assets/Intro_To_PDG/Scenes/Intro_To_PDG_Main.unity using Guid(6316c47c88a8dfe42bee1751b1d874d5) Importer(815301076,1909f56bfc062723c751e8b465ee728b)  -> (artifact id: 'be8a18b6ed18166468c7a412fe0eea7c') in 0.002815 seconds 
  Import took 0.005435 seconds .

AssetImportWorkerClient::OnTransportError - code=2 error=End of file
